C:\USERS\EUGENE_S\DOCUMENTS\VISUAL STUDIO 2010\PROJECTS\ASSIGMENT_1_TEMPLATE\ASSIGMENT_1_TEMPLATE\DEBUG\ASSIGMENT_1_TEMPLATE.EXE.EMBED.MANIFEST
C:\USERS\EUGENE_S\DOCUMENTS\VISUAL STUDIO 2010\PROJECTS\ASSIGMENT_1_TEMPLATE\ASSIGMENT_1_TEMPLATE\DEBUG\ASSIGMENT_1_TEMPLATE.EXE.EMBED.MANIFEST.RES
C:\USERS\EUGENE_S\DOCUMENTS\VISUAL STUDIO 2010\PROJECTS\ASSIGMENT_1_TEMPLATE\ASSIGMENT_1_TEMPLATE\DEBUG\ASSIGMENT_1_TEMPLATE.EXE.INTERMEDIATE.MANIFEST
C:\Users\eugene_s\documents\visual studio 2010\Projects\Assigment_1_template\Assigment_1_template\Debug\Assigment_1_template.vcxprojResolveAssemblyReference.cache
C:\Users\eugene_s\documents\visual studio 2010\Projects\Assigment_1_template\Assigment_1_template\Debug\Assigment_1_template.write.1.tlog
C:\Users\eugene_s\documents\visual studio 2010\Projects\Assigment_1_template\Assigment_1_template\Debug\Assigment_1_template_manifest.rc
C:\Users\eugene_s\documents\visual studio 2010\Projects\Assigment_1_template\Assigment_1_template\Debug\cl.command.1.tlog
C:\Users\eugene_s\documents\visual studio 2010\Projects\Assigment_1_template\Assigment_1_template\Debug\CL.read.1.tlog
C:\Users\eugene_s\documents\visual studio 2010\Projects\Assigment_1_template\Assigment_1_template\Debug\CL.write.1.tlog
C:\Users\eugene_s\documents\visual studio 2010\Projects\Assigment_1_template\Assigment_1_template\Debug\link.33212.read.1.tlog
C:\Users\eugene_s\documents\visual studio 2010\Projects\Assigment_1_template\Assigment_1_template\Debug\link.33212.write.1.tlog
C:\Users\eugene_s\documents\visual studio 2010\Projects\Assigment_1_template\Assigment_1_template\Debug\link.33212-cvtres.read.1.tlog
C:\Users\eugene_s\documents\visual studio 2010\Projects\Assigment_1_template\Assigment_1_template\Debug\link.33212-cvtres.write.1.tlog
C:\Users\eugene_s\documents\visual studio 2010\Projects\Assigment_1_template\Assigment_1_template\Debug\link.command.1.tlog
C:\Users\eugene_s\documents\visual studio 2010\Projects\Assigment_1_template\Assigment_1_template\Debug\link.read.1.tlog
C:\Users\eugene_s\documents\visual studio 2010\Projects\Assigment_1_template\Assigment_1_template\Debug\link.write.1.tlog
C:\Users\eugene_s\documents\visual studio 2010\Projects\Assigment_1_template\Assigment_1_template\Debug\link-cvtres.read.1.tlog
C:\Users\eugene_s\documents\visual studio 2010\Projects\Assigment_1_template\Assigment_1_template\Debug\link-cvtres.write.1.tlog
C:\Users\eugene_s\documents\visual studio 2010\Projects\Assigment_1_template\Assigment_1_template\Debug\mt.command.1.tlog
C:\Users\eugene_s\documents\visual studio 2010\Projects\Assigment_1_template\Assigment_1_template\Debug\mt.read.1.tlog
C:\Users\eugene_s\documents\visual studio 2010\Projects\Assigment_1_template\Assigment_1_template\Debug\mt.write.1.tlog
C:\USERS\EUGENE_S\DOCUMENTS\VISUAL STUDIO 2010\PROJECTS\ASSIGMENT_1_TEMPLATE\ASSIGMENT_1_TEMPLATE\DEBUG\PROGRAM.OBJ
C:\Users\eugene_s\documents\visual studio 2010\Projects\Assigment_1_template\Assigment_1_template\Debug\rc.command.1.tlog
C:\Users\eugene_s\documents\visual studio 2010\Projects\Assigment_1_template\Assigment_1_template\Debug\rc.read.1.tlog
C:\Users\eugene_s\documents\visual studio 2010\Projects\Assigment_1_template\Assigment_1_template\Debug\rc.write.1.tlog
C:\Users\eugene_s\documents\visual studio 2010\Projects\Assigment_1_template\Assigment_1_template\Debug\vc100.idb
C:\USERS\EUGENE_S\DOCUMENTS\VISUAL STUDIO 2010\PROJECTS\ASSIGMENT_1_TEMPLATE\ASSIGMENT_1_TEMPLATE\DEBUG\VC100.PDB
C:\USERS\EUGENE_S\DOCUMENTS\VISUAL STUDIO 2010\PROJECTS\ASSIGMENT_1_TEMPLATE\DEBUG\ASSIGMENT_1_TEMPLATE.EXE
C:\USERS\EUGENE_S\DOCUMENTS\VISUAL STUDIO 2010\PROJECTS\ASSIGMENT_1_TEMPLATE\DEBUG\ASSIGMENT_1_TEMPLATE.ILK
C:\USERS\EUGENE_S\DOCUMENTS\VISUAL STUDIO 2010\PROJECTS\ASSIGMENT_1_TEMPLATE\DEBUG\ASSIGMENT_1_TEMPLATE.PDB
